Determining if the include file dirent.h exists failed with the following output:

Microsoft (R) Development Environment  Version 7.10.3077.
Copyright (C) Microsoft Corp 1984-2001. All rights reserved.
------ Build started: Project: cmTryCompileExec, Configuration: Debug Win32 ------

Compiling...
Microsoft (R) 32-bit C/C++ Optimizing Compiler Version 13.10.3077 for 80x86
Copyright (C) Microsoft Corporation 1984-2002. All rights reserved.
cl /Od /D "WIN32" /D "_WINDOWS" /D "_DEBUG" /D "CMAKE_INTDIR=\"Debug\"" /D "_MBCS" /FD /RTCs /MDd /GS /Fo"cmTryCompileExec.dir\Debug\\" /Fd"C:/Documents and Settings/kru028.NEXUS/Desktop/braccetto code/avis/support/pcre-7.4/win32/CMakeFiles/CMakeTmp/Debug/cmTryCompileExec.pdb" /W3 /c /Zi /TC   /Zm1000
   ".\CheckIncludeFile.c"
CheckIncludeFile.c
CheckIncludeFile.c(1) : fatal error C1083: Cannot open include file: 'dirent.h': No such file or directory
 
Build log was saved at "file://c:\Documents and Settings\kru028.NEXUS\Desktop\braccetto code\avis\support\pcre-7.4\win32\CMakeFiles\CMakeTmp\cmTryCompileExec.dir\Debug\BuildLog.htm" 
cmTryCompileExec - 1 error(s), 0 warning(s) 


---------------------- Done ----------------------

    Build: 0 succeeded, 1 failed, 0 skipped
 



Determining if the include file unistd.h exists failed with the following output:

Microsoft (R) Development Environment  Version 7.10.3077.
Copyright (C) Microsoft Corp 1984-2001. All rights reserved.
------ Build started: Project: cmTryCompileExec, Configuration: Debug Win32 ------

Compiling...
Microsoft (R) 32-bit C/C++ Optimizing Compiler Version 13.10.3077 for 80x86
Copyright (C) Microsoft Corporation 1984-2002. All rights reserved.
cl /Od /D "WIN32" /D "_WINDOWS" /D "_DEBUG" /D "CMAKE_INTDIR=\"Debug\"" /D "_MBCS" /FD /RTCs /MDd /GS /Fo"cmTryCompileExec.dir\Debug\\" /Fd"C:/Documents and Settings/kru028.NEXUS/Desktop/braccetto code/avis/support/pcre-7.4/win32/CMakeFiles/CMakeTmp/Debug/cmTryCompileExec.pdb" /W3 /c /Zi /TC   /Zm1000
   ".\CheckIncludeFile.c"
CheckIncludeFile.c
CheckIncludeFile.c(1) : fatal error C1083: Cannot open include file: 'unistd.h': No such file or directory
 
Build log was saved at "file://c:\Documents and Settings\kru028.NEXUS\Desktop\braccetto code\avis\support\pcre-7.4\win32\CMakeFiles\CMakeTmp\cmTryCompileExec.dir\Debug\BuildLog.htm" 
cmTryCompileExec - 1 error(s), 0 warning(s) 


---------------------- Done ----------------------

    Build: 0 succeeded, 1 failed, 0 skipped
 



Determining if the include file type_traits.h exists failed with the following output:

Microsoft (R) Development Environment  Version 7.10.3077.
Copyright (C) Microsoft Corp 1984-2001. All rights reserved.
------ Build started: Project: cmTryCompileExec, Configuration: Debug Win32 ------

Compiling...
Microsoft (R) 32-bit C/C++ Optimizing Compiler Version 13.10.3077 for 80x86
Copyright (C) Microsoft Corporation 1984-2002. All rights reserved.
cl /Od /D "WIN32" /D "_WINDOWS" /D "_DEBUG" /D "CMAKE_INTDIR=\"Debug\"" /D "_MBCS" /FD /EHsc /RTCs /MDd /GS /GR /Fo"cmTryCompileExec.dir\Debug\\" /Fd"C:/Documents and Settings/kru028.NEXUS/Desktop/braccetto code/avis/support/pcre-7.4/win32/CMakeFiles/CMakeTmp/Debug/cmTryCompileExec.pdb" /W3 /c /Zi /TP   /Zm1000
   ".\CheckIncludeFile.cxx"
CheckIncludeFile.cxx
CheckIncludeFile.cxx(1) : fatal error C1083: Cannot open include file: 'type_traits.h': No such file or directory
 
Build log was saved at "file://c:\Documents and Settings\kru028.NEXUS\Desktop\braccetto code\avis\support\pcre-7.4\win32\CMakeFiles\CMakeTmp\cmTryCompileExec.dir\Debug\BuildLog.htm" 
cmTryCompileExec - 1 error(s), 0 warning(s) 


---------------------- Done ----------------------

    Build: 0 succeeded, 1 failed, 0 skipped
 



Determining if the include file bits/type_traits.h exists failed with the following output:

Microsoft (R) Development Environment  Version 7.10.3077.
Copyright (C) Microsoft Corp 1984-2001. All rights reserved.
------ Build started: Project: cmTryCompileExec, Configuration: Debug Win32 ------

Compiling...
Microsoft (R) 32-bit C/C++ Optimizing Compiler Version 13.10.3077 for 80x86
Copyright (C) Microsoft Corporation 1984-2002. All rights reserved.
cl /Od /D "WIN32" /D "_WINDOWS" /D "_DEBUG" /D "CMAKE_INTDIR=\"Debug\"" /D "_MBCS" /FD /EHsc /RTCs /MDd /GS /GR /Fo"cmTryCompileExec.dir\Debug\\" /Fd"C:/Documents and Settings/kru028.NEXUS/Desktop/braccetto code/avis/support/pcre-7.4/win32/CMakeFiles/CMakeTmp/Debug/cmTryCompileExec.pdb" /W3 /c /Zi /TP   /Zm1000
   ".\CheckIncludeFile.cxx"
CheckIncludeFile.cxx
CheckIncludeFile.cxx(1) : fatal error C1083: Cannot open include file: 'bits/type_traits.h': No such file or directory
 
Build log was saved at "file://c:\Documents and Settings\kru028.NEXUS\Desktop\braccetto code\avis\support\pcre-7.4\win32\CMakeFiles\CMakeTmp\cmTryCompileExec.dir\Debug\BuildLog.htm" 
cmTryCompileExec - 1 error(s), 0 warning(s) 


---------------------- Done ----------------------

    Build: 0 succeeded, 1 failed, 0 skipped
 



Determining if the function bcopy exists failed with the following output:

Microsoft (R) Development Environment  Version 7.10.3077.
Copyright (C) Microsoft Corp 1984-2001. All rights reserved.
------ Build started: Project: cmTryCompileExec, Configuration: Debug Win32 ------

Compiling...
Microsoft (R) 32-bit C/C++ Optimizing Compiler Version 13.10.3077 for 80x86
Copyright (C) Microsoft Corporation 1984-2002. All rights reserved.
cl /Od /D "WIN32" /D "_WINDOWS" /D "CHECK_FUNCTION_EXISTS=bcopy" /D "_DEBUG" /D "CMAKE_INTDIR=\"Debug\"" /D "_MBCS" /FD /RTCs /MDd /GS /Fo"cmTryCompileExec.dir\Debug\\" /Fd"C:/Documents and Settings/kru028.NEXUS/Desktop/braccetto code/avis/support/pcre-7.4/win32/CMakeFiles/CMakeTmp/Debug/cmTryCompileExec.pdb" /W3 /c /Zi /TC   /Zm1000
   "\Program Files\CMake 2.4\share\cmake-2.4\Modules\CheckFunctionExists.c"
CheckFunctionExists.c
Linking...
CheckFunctionExists.obj : error LNK2019: unresolved external symbol _bcopy referenced in function _main
Debug\cmTryCompileExec.exe : fatal error LNK1120: 1 unresolved externals
 
Build log was saved at "file://c:\Documents and Settings\kru028.NEXUS\Desktop\braccetto code\avis\support\pcre-7.4\win32\CMakeFiles\CMakeTmp\cmTryCompileExec.dir\Debug\BuildLog.htm" 
cmTryCompileExec - 2 error(s), 0 warning(s) 


---------------------- Done ----------------------

    Build: 0 succeeded, 1 failed, 0 skipped
 



